<?xml version="1.0" encoding="UTF-8"?>
<robot generator="Robot 5.0.1 (Python 3.9.4 on win32)" generated="20220916 20:33:03.260" rpa="false" schemaversion="3">
<suite id="s1" name="Automation" source="C:\Users\Hp\Desktop\Automation">
<suite id="s1-s1" name="TestCases" source="C:\Users\Hp\Desktop\Automation\TestCases">
<suite id="s1-s1-s1" name="TestCases" source="C:\Users\Hp\Desktop\Automation\TestCases\TestCases.robot">
<test id="s1-s1-s1-t1" name="LoginTest" line="16">
<kw name="Open my browse" library="LoginKeyword">
<arg>${url}</arg>
<arg>${browser}</arg>
<kw name="Open Browser" library="SeleniumLibrary">
<arg>${url}</arg>
<arg>${browser}</arg>
<doc>Opens a new browser instance to the optional ``url``.</doc>
<msg timestamp="20220916 20:33:03.779" level="INFO">Opening browser 'chrome' to base url 'https://demo.guru99.com/test/newtours/index.php'.</msg>
<status status="PASS" starttime="20220916 20:33:03.779" endtime="20220916 20:33:10.598"/>
</kw>
<kw name="Maximize Browser Window" library="SeleniumLibrary">
<doc>Maximizes current browser window.</doc>
<status status="PASS" starttime="20220916 20:33:10.598" endtime="20220916 20:33:10.746"/>
</kw>
<status status="PASS" starttime="20220916 20:33:03.779" endtime="20220916 20:33:10.754"/>
</kw>
<kw name="enter user name" library="LoginKeyword">
<arg>${username}</arg>
<kw name="Input Text" library="SeleniumLibrary">
<arg>${Login_username}</arg>
<arg>${uername}</arg>
<doc>Types the given ``text`` into the text field identified by ``locator``.</doc>
<msg timestamp="20220916 20:33:10.818" level="INFO">Typing text 'tutorial' into text field 'name:userName'.</msg>
<status status="PASS" starttime="20220916 20:33:10.754" endtime="20220916 20:33:11.030"/>
</kw>
<status status="PASS" starttime="20220916 20:33:10.754" endtime="20220916 20:33:11.030"/>
</kw>
<kw name="enter user password" library="LoginKeyword">
<arg>${password}</arg>
<kw name="Input Text" library="SeleniumLibrary">
<arg>${Login_pasword}</arg>
<arg>${password}</arg>
<doc>Types the given ``text`` into the text field identified by ``locator``.</doc>
<msg timestamp="20220916 20:33:11.038" level="INFO">Typing text 'tutorial' into text field 'name:password'.</msg>
<status status="PASS" starttime="20220916 20:33:11.038" endtime="20220916 20:33:11.198"/>
</kw>
<status status="PASS" starttime="20220916 20:33:11.038" endtime="20220916 20:33:11.198"/>
</kw>
<kw name="Sleep" library="BuiltIn">
<arg>3</arg>
<doc>Pauses the test executed for the given time.</doc>
<msg timestamp="20220916 20:33:14.218" level="INFO">Slept 3 seconds</msg>
<status status="PASS" starttime="20220916 20:33:11.206" endtime="20220916 20:33:14.218"/>
</kw>
<kw name="close my browser" library="LoginKeyword">
<kw name="Close All Browsers" library="SeleniumLibrary">
<doc>Closes all open browsers and resets the browser cache.</doc>
<status status="PASS" starttime="20220916 20:33:14.218" endtime="20220916 20:33:18.356"/>
</kw>
<status status="PASS" starttime="20220916 20:33:14.218" endtime="20220916 20:33:18.356"/>
</kw>
<status status="PASS" starttime="20220916 20:33:03.779" endtime="20220916 20:33:18.356"/>
</test>
<status status="PASS" starttime="20220916 20:33:03.351" endtime="20220916 20:33:18.356"/>
</suite>
<status status="PASS" starttime="20220916 20:33:03.335" endtime="20220916 20:33:18.364"/>
</suite>
<status status="PASS" starttime="20220916 20:33:03.276" endtime="20220916 20:33:18.372"/>
</suite>
<statistics>
<total>
<stat pass="1" fail="0" skip="0">All Tests</stat>
</total>
<tag>
</tag>
<suite>
<stat pass="1" fail="0" skip="0" id="s1" name="Automation">Automation</stat>
<stat pass="1" fail="0" skip="0" id="s1-s1" name="TestCases">Automation.TestCases</stat>
<stat pass="1" fail="0" skip="0" id="s1-s1-s1" name="TestCases">Automation.TestCases.TestCases</stat>
</suite>
</statistics>
<errors>
</errors>
</robot>
